<?xml version="1.0" encoding="UTF-8"?>
<testsuite xmlns:xsi="http://www.w3.org/2001/XMLSchema-instance" xsi:noNamespaceSchemaLocation="https://maven.apache.org/surefire/maven-surefire-plugin/xsd/surefire-test-report.xsd" name="guru.springframework.msscbeerservice.MsscBeerServiceApplicationTests" time="3.574" tests="1" errors="1" skipped="0" failures="0">
  <properties>
    <property name="java.specification.version" value="15"/>
    <property name="sun.cpu.isalist" value="amd64"/>
    <property name="sun.jnu.encoding" value="Cp1252"/>
    <property name="java.class.path" value="D:\mssc-beer-service\target\test-classes;D:\mssc-beer-service\target\classes;C:\Users\Vishal Aditya\.m2\repository\org\projectlombok\lombok-mapstruct-binding\0.1.0\lombok-mapstruct-binding-0.1.0.jar;C:\Users\Vishal Aditya\.m2\repository\org\springframework\boot\spring-boot-starter-validation\2.5.7\spring-boot-starter-validation-2.5.7.jar;C:\Users\Vishal Aditya\.m2\repository\org\apache\tomcat\embed\tomcat-embed-el\9.0.55\tomcat-embed-el-9.0.55.jar;C:\Users\Vishal Aditya\.m2\repository\org\hibernate\validator\hibernate-validator\6.2.0.Final\hibernate-validator-6.2.0.Final.jar;C:\Users\Vishal Aditya\.m2\repository\jakarta\validation\jakarta.validation-api\2.0.2\jakarta.validation-api-2.0.2.jar;C:\Users\Vishal Aditya\.m2\repository\org\jboss\logging\jboss-logging\3.4.2.Final\jboss-logging-3.4.2.Final.jar;C:\Users\Vishal Aditya\.m2\repository\com\fasterxml\classmate\1.5.1\classmate-1.5.1.jar;C:\Users\Vishal Aditya\.m2\repository\javax\xml\bind\jaxb-api\2.3.0\jaxb-api-2.3.0.jar;C:\Users\Vishal Aditya\.m2\repository\com\sun\xml\bind\jaxb-core\2.3.0\jaxb-core-2.3.0.jar;C:\Users\Vishal Aditya\.m2\repository\com\sun\xml\bind\jaxb-impl\2.3.0\jaxb-impl-2.3.0.jar;C:\Users\Vishal Aditya\.m2\repository\org\springframework\boot\spring-boot-starter-cache\2.5.7\spring-boot-starter-cache-2.5.7.jar;C:\Users\Vishal Aditya\.m2\repository\org\springframework\spring-context-support\5.3.13\spring-context-support-5.3.13.jar;C:\Users\Vishal Aditya\.m2\repository\org\springframework\spring-beans\5.3.13\spring-beans-5.3.13.jar;C:\Users\Vishal Aditya\.m2\repository\org\springframework\spring-context\5.3.13\spring-context-5.3.13.jar;C:\Users\Vishal Aditya\.m2\repository\javax\cache\cache-api\1.1.1\cache-api-1.1.1.jar;C:\Users\Vishal Aditya\.m2\repository\org\ehcache\ehcache\3.9.7\ehcache-3.9.7.jar;C:\Users\Vishal Aditya\.m2\repository\org\slf4j\slf4j-api\1.7.32\slf4j-api-1.7.32.jar;C:\Users\Vishal Aditya\.m2\repository\org\springframework\boot\spring-boot-starter\2.5.7\spring-boot-starter-2.5.7.jar;C:\Users\Vishal Aditya\.m2\repository\org\springframework\boot\spring-boot\2.5.7\spring-boot-2.5.7.jar;C:\Users\Vishal Aditya\.m2\repository\org\springframework\boot\spring-boot-autoconfigure\2.5.7\spring-boot-autoconfigure-2.5.7.jar;C:\Users\Vishal Aditya\.m2\repository\org\springframework\boot\spring-boot-starter-logging\2.5.7\spring-boot-starter-logging-2.5.7.jar;C:\Users\Vishal Aditya\.m2\repository\ch\qos\logback\logback-classic\1.2.7\logback-classic-1.2.7.jar;C:\Users\Vishal Aditya\.m2\repository\ch\qos\logback\logback-core\1.2.7\logback-core-1.2.7.jar;C:\Users\Vishal Aditya\.m2\repository\org\apache\logging\log4j\log4j-to-slf4j\2.14.1\log4j-to-slf4j-2.14.1.jar;C:\Users\Vishal Aditya\.m2\repository\org\apache\logging\log4j\log4j-api\2.14.1\log4j-api-2.14.1.jar;C:\Users\Vishal Aditya\.m2\repository\org\slf4j\jul-to-slf4j\1.7.32\jul-to-slf4j-1.7.32.jar;C:\Users\Vishal Aditya\.m2\repository\jakarta\annotation\jakarta.annotation-api\1.3.5\jakarta.annotation-api-1.3.5.jar;C:\Users\Vishal Aditya\.m2\repository\org\springframework\spring-core\5.3.13\spring-core-5.3.13.jar;C:\Users\Vishal Aditya\.m2\repository\org\springframework\spring-jcl\5.3.13\spring-jcl-5.3.13.jar;C:\Users\Vishal Aditya\.m2\repository\org\yaml\snakeyaml\1.28\snakeyaml-1.28.jar;C:\Users\Vishal Aditya\.m2\repository\org\springframework\boot\spring-boot-starter-web\2.5.7\spring-boot-starter-web-2.5.7.jar;C:\Users\Vishal Aditya\.m2\repository\org\springframework\boot\spring-boot-starter-json\2.5.7\spring-boot-starter-json-2.5.7.jar;C:\Users\Vishal Aditya\.m2\repository\com\fasterxml\jackson\core\jackson-databind\2.12.5\jackson-databind-2.12.5.jar;C:\Users\Vishal Aditya\.m2\repository\com\fasterxml\jackson\core\jackson-annotations\2.12.5\jackson-annotations-2.12.5.jar;C:\Users\Vishal Aditya\.m2\repository\com\fasterxml\jackson\core\jackson-core\2.12.5\jackson-core-2.12.5.jar;C:\Users\Vishal Aditya\.m2\repository\com\fasterxml\jackson\datatype\jackson-datatype-jdk8\2.12.5\jackson-datatype-jdk8-2.12.5.jar;C:\Users\Vishal Aditya\.m2\repository\com\fasterxml\jackson\datatype\jackson-datatype-jsr310\2.12.5\jackson-datatype-jsr310-2.12.5.jar;C:\Users\Vishal Aditya\.m2\repository\com\fasterxml\jackson\module\jackson-module-parameter-names\2.12.5\jackson-module-parameter-names-2.12.5.jar;C:\Users\Vishal Aditya\.m2\repository\org\springframework\boot\spring-boot-starter-tomcat\2.5.7\spring-boot-starter-tomcat-2.5.7.jar;C:\Users\Vishal Aditya\.m2\repository\org\apache\tomcat\embed\tomcat-embed-core\9.0.55\tomcat-embed-core-9.0.55.jar;C:\Users\Vishal Aditya\.m2\repository\org\apache\tomcat\embed\tomcat-embed-websocket\9.0.55\tomcat-embed-websocket-9.0.55.jar;C:\Users\Vishal Aditya\.m2\repository\org\springframework\spring-web\5.3.13\spring-web-5.3.13.jar;C:\Users\Vishal Aditya\.m2\repository\org\springframework\spring-webmvc\5.3.13\spring-webmvc-5.3.13.jar;C:\Users\Vishal Aditya\.m2\repository\org\springframework\spring-aop\5.3.13\spring-aop-5.3.13.jar;C:\Users\Vishal Aditya\.m2\repository\org\springframework\spring-expression\5.3.13\spring-expression-5.3.13.jar;C:\Users\Vishal Aditya\.m2\repository\org\springframework\boot\spring-boot-starter-data-jpa\2.5.7\spring-boot-starter-data-jpa-2.5.7.jar;C:\Users\Vishal Aditya\.m2\repository\org\springframework\boot\spring-boot-starter-aop\2.5.7\spring-boot-starter-aop-2.5.7.jar;C:\Users\Vishal Aditya\.m2\repository\org\aspectj\aspectjweaver\1.9.7\aspectjweaver-1.9.7.jar;C:\Users\Vishal Aditya\.m2\repository\org\springframework\boot\spring-boot-starter-jdbc\2.5.7\spring-boot-starter-jdbc-2.5.7.jar;C:\Users\Vishal Aditya\.m2\repository\com\zaxxer\HikariCP\4.0.3\HikariCP-4.0.3.jar;C:\Users\Vishal Aditya\.m2\repository\org\springframework\spring-jdbc\5.3.13\spring-jdbc-5.3.13.jar;C:\Users\Vishal Aditya\.m2\repository\jakarta\transaction\jakarta.transaction-api\1.3.3\jakarta.transaction-api-1.3.3.jar;C:\Users\Vishal Aditya\.m2\repository\jakarta\persistence\jakarta.persistence-api\2.2.3\jakarta.persistence-api-2.2.3.jar;C:\Users\Vishal Aditya\.m2\repository\org\hibernate\hibernate-core\5.4.32.Final\hibernate-core-5.4.32.Final.jar;C:\Users\Vishal Aditya\.m2\repository\org\javassist\javassist\3.27.0-GA\javassist-3.27.0-GA.jar;C:\Users\Vishal Aditya\.m2\repository\net\bytebuddy\byte-buddy\1.10.22\byte-buddy-1.10.22.jar;C:\Users\Vishal Aditya\.m2\repository\antlr\antlr\2.7.7\antlr-2.7.7.jar;C:\Users\Vishal Aditya\.m2\repository\org\jboss\jandex\2.2.3.Final\jandex-2.2.3.Final.jar;C:\Users\Vishal Aditya\.m2\repository\org\dom4j\dom4j\2.1.3\dom4j-2.1.3.jar;C:\Users\Vishal Aditya\.m2\repository\org\hibernate\common\hibernate-commons-annotations\5.1.2.Final\hibernate-commons-annotations-5.1.2.Final.jar;C:\Users\Vishal Aditya\.m2\repository\org\glassfish\jaxb\jaxb-runtime\2.3.5\jaxb-runtime-2.3.5.jar;C:\Users\Vishal Aditya\.m2\repository\org\glassfish\jaxb\txw2\2.3.5\txw2-2.3.5.jar;C:\Users\Vishal Aditya\.m2\repository\com\sun\istack\istack-commons-runtime\3.0.12\istack-commons-runtime-3.0.12.jar;C:\Users\Vishal Aditya\.m2\repository\com\sun\activation\jakarta.activation\1.2.2\jakarta.activation-1.2.2.jar;C:\Users\Vishal Aditya\.m2\repository\org\springframework\data\spring-data-jpa\2.5.7\spring-data-jpa-2.5.7.jar;C:\Users\Vishal Aditya\.m2\repository\org\springframework\data\spring-data-commons\2.5.7\spring-data-commons-2.5.7.jar;C:\Users\Vishal Aditya\.m2\repository\org\springframework\spring-orm\5.3.13\spring-orm-5.3.13.jar;C:\Users\Vishal Aditya\.m2\repository\org\springframework\spring-tx\5.3.13\spring-tx-5.3.13.jar;C:\Users\Vishal Aditya\.m2\repository\org\springframework\spring-aspects\5.3.13\spring-aspects-5.3.13.jar;C:\Users\Vishal Aditya\.m2\repository\org\springframework\boot\spring-boot-devtools\2.5.7\spring-boot-devtools-2.5.7.jar;C:\Users\Vishal Aditya\.m2\repository\com\h2database\h2\1.4.200\h2-1.4.200.jar;C:\Users\Vishal Aditya\.m2\repository\mysql\mysql-connector-java\8.0.27\mysql-connector-java-8.0.27.jar;C:\Users\Vishal Aditya\.m2\repository\org\springframework\boot\spring-boot-starter-actuator\2.5.7\spring-boot-starter-actuator-2.5.7.jar;C:\Users\Vishal Aditya\.m2\repository\org\springframework\boot\spring-boot-actuator-autoconfigure\2.5.7\spring-boot-actuator-autoconfigure-2.5.7.jar;C:\Users\Vishal Aditya\.m2\repository\org\springframework\boot\spring-boot-actuator\2.5.7\spring-boot-actuator-2.5.7.jar;C:\Users\Vishal Aditya\.m2\repository\io\micrometer\micrometer-core\1.7.6\micrometer-core-1.7.6.jar;C:\Users\Vishal Aditya\.m2\repository\org\hdrhistogram\HdrHistogram\2.1.12\HdrHistogram-2.1.12.jar;C:\Users\Vishal Aditya\.m2\repository\org\latencyutils\LatencyUtils\2.0.3\LatencyUtils-2.0.3.jar;C:\Users\Vishal Aditya\.m2\repository\org\projectlombok\lombok\1.18.22\lombok-1.18.22.jar;C:\Users\Vishal Aditya\.m2\repository\org\mapstruct\mapstruct\1.3.0.Final\mapstruct-1.3.0.Final.jar;C:\Users\Vishal Aditya\.m2\repository\org\springframework\boot\spring-boot-starter-test\2.5.7\spring-boot-starter-test-2.5.7.jar;C:\Users\Vishal Aditya\.m2\repository\org\springframework\boot\spring-boot-test\2.5.7\spring-boot-test-2.5.7.jar;C:\Users\Vishal Aditya\.m2\repository\org\springframework\boot\spring-boot-test-autoconfigure\2.5.7\spring-boot-test-autoconfigure-2.5.7.jar;C:\Users\Vishal Aditya\.m2\repository\com\jayway\jsonpath\json-path\2.5.0\json-path-2.5.0.jar;C:\Users\Vishal Aditya\.m2\repository\net\minidev\json-smart\2.4.7\json-smart-2.4.7.jar;C:\Users\Vishal Aditya\.m2\repository\net\minidev\accessors-smart\2.4.7\accessors-smart-2.4.7.jar;C:\Users\Vishal Aditya\.m2\repository\org\ow2\asm\asm\9.1\asm-9.1.jar;C:\Users\Vishal Aditya\.m2\repository\jakarta\xml\bind\jakarta.xml.bind-api\2.3.3\jakarta.xml.bind-api-2.3.3.jar;C:\Users\Vishal Aditya\.m2\repository\jakarta\activation\jakarta.activation-api\1.2.2\jakarta.activation-api-1.2.2.jar;C:\Users\Vishal Aditya\.m2\repository\org\assertj\assertj-core\3.19.0\assertj-core-3.19.0.jar;C:\Users\Vishal Aditya\.m2\repository\org\hamcrest\hamcrest\2.2\hamcrest-2.2.jar;C:\Users\Vishal Aditya\.m2\repository\org\junit\jupiter\junit-jupiter\5.7.2\junit-jupiter-5.7.2.jar;C:\Users\Vishal Aditya\.m2\repository\org\junit\jupiter\junit-jupiter-params\5.7.2\junit-jupiter-params-5.7.2.jar;C:\Users\Vishal Aditya\.m2\repository\org\mockito\mockito-core\3.9.0\mockito-core-3.9.0.jar;C:\Users\Vishal Aditya\.m2\repository\net\bytebuddy\byte-buddy-agent\1.10.22\byte-buddy-agent-1.10.22.jar;C:\Users\Vishal Aditya\.m2\repository\org\objenesis\objenesis\3.2\objenesis-3.2.jar;C:\Users\Vishal Aditya\.m2\repository\org\skyscreamer\jsonassert\1.5.0\jsonassert-1.5.0.jar;C:\Users\Vishal Aditya\.m2\repository\com\vaadin\external\google\android-json\0.0.20131108.vaadin1\android-json-0.0.20131108.vaadin1.jar;C:\Users\Vishal Aditya\.m2\repository\org\springframework\spring-test\5.3.13\spring-test-5.3.13.jar;C:\Users\Vishal Aditya\.m2\repository\org\xmlunit\xmlunit-core\2.8.3\xmlunit-core-2.8.3.jar;C:\Users\Vishal Aditya\.m2\repository\org\junit\jupiter\junit-jupiter-engine\5.7.2\junit-jupiter-engine-5.7.2.jar;C:\Users\Vishal Aditya\.m2\repository\org\apiguardian\apiguardian-api\1.1.0\apiguardian-api-1.1.0.jar;C:\Users\Vishal Aditya\.m2\repository\org\junit\platform\junit-platform-engine\1.7.2\junit-platform-engine-1.7.2.jar;C:\Users\Vishal Aditya\.m2\repository\org\junit\jupiter\junit-jupiter-api\5.7.2\junit-jupiter-api-5.7.2.jar;C:\Users\Vishal Aditya\.m2\repository\org\opentest4j\opentest4j\1.2.0\opentest4j-1.2.0.jar;C:\Users\Vishal Aditya\.m2\repository\org\junit\platform\junit-platform-commons\1.7.2\junit-platform-commons-1.7.2.jar;C:\Users\Vishal Aditya\.m2\repository\org\mockito\mockito-junit-jupiter\3.9.0\mockito-junit-jupiter-3.9.0.jar;"/>
    <property name="java.vm.vendor" value="Oracle Corporation"/>
    <property name="sun.arch.data.model" value="64"/>
    <property name="user.variant" value=""/>
    <property name="java.vendor.url" value="https://java.oracle.com/"/>
    <property name="user.timezone" value="Asia/Calcutta"/>
    <property name="os.name" value="Windows 10"/>
    <property name="java.vm.specification.version" value="15"/>
    <property name="sun.java.launcher" value="SUN_STANDARD"/>
    <property name="user.country" value="IN"/>
    <property name="sun.boot.library.path" value="C:\Program Files\Java\jdk-15.0.2\bin"/>
    <property name="sun.java.command" value="C:\Users\VISHAL~1\AppData\Local\Temp\surefire3351330379468092009\surefirebooter2485803438882295011.jar C:\Users\Vishal Aditya\AppData\Local\Temp\surefire3351330379468092009 2021-11-23T13-49-04_632-jvmRun1 surefire4254927172317506149tmp surefire_06895511460244295312tmp"/>
    <property name="jdk.debug" value="release"/>
    <property name="surefire.test.class.path" value="D:\mssc-beer-service\target\test-classes;D:\mssc-beer-service\target\classes;C:\Users\Vishal Aditya\.m2\repository\org\projectlombok\lombok-mapstruct-binding\0.1.0\lombok-mapstruct-binding-0.1.0.jar;C:\Users\Vishal Aditya\.m2\repository\org\springframework\boot\spring-boot-starter-validation\2.5.7\spring-boot-starter-validation-2.5.7.jar;C:\Users\Vishal Aditya\.m2\repository\org\apache\tomcat\embed\tomcat-embed-el\9.0.55\tomcat-embed-el-9.0.55.jar;C:\Users\Vishal Aditya\.m2\repository\org\hibernate\validator\hibernate-validator\6.2.0.Final\hibernate-validator-6.2.0.Final.jar;C:\Users\Vishal Aditya\.m2\repository\jakarta\validation\jakarta.validation-api\2.0.2\jakarta.validation-api-2.0.2.jar;C:\Users\Vishal Aditya\.m2\repository\org\jboss\logging\jboss-logging\3.4.2.Final\jboss-logging-3.4.2.Final.jar;C:\Users\Vishal Aditya\.m2\repository\com\fasterxml\classmate\1.5.1\classmate-1.5.1.jar;C:\Users\Vishal Aditya\.m2\repository\javax\xml\bind\jaxb-api\2.3.0\jaxb-api-2.3.0.jar;C:\Users\Vishal Aditya\.m2\repository\com\sun\xml\bind\jaxb-core\2.3.0\jaxb-core-2.3.0.jar;C:\Users\Vishal Aditya\.m2\repository\com\sun\xml\bind\jaxb-impl\2.3.0\jaxb-impl-2.3.0.jar;C:\Users\Vishal Aditya\.m2\repository\org\springframework\boot\spring-boot-starter-cache\2.5.7\spring-boot-starter-cache-2.5.7.jar;C:\Users\Vishal Aditya\.m2\repository\org\springframework\spring-context-support\5.3.13\spring-context-support-5.3.13.jar;C:\Users\Vishal Aditya\.m2\repository\org\springframework\spring-beans\5.3.13\spring-beans-5.3.13.jar;C:\Users\Vishal Aditya\.m2\repository\org\springframework\spring-context\5.3.13\spring-context-5.3.13.jar;C:\Users\Vishal Aditya\.m2\repository\javax\cache\cache-api\1.1.1\cache-api-1.1.1.jar;C:\Users\Vishal Aditya\.m2\repository\org\ehcache\ehcache\3.9.7\ehcache-3.9.7.jar;C:\Users\Vishal Aditya\.m2\repository\org\slf4j\slf4j-api\1.7.32\slf4j-api-1.7.32.jar;C:\Users\Vishal Aditya\.m2\repository\org\springframework\boot\spring-boot-starter\2.5.7\spring-boot-starter-2.5.7.jar;C:\Users\Vishal Aditya\.m2\repository\org\springframework\boot\spring-boot\2.5.7\spring-boot-2.5.7.jar;C:\Users\Vishal Aditya\.m2\repository\org\springframework\boot\spring-boot-autoconfigure\2.5.7\spring-boot-autoconfigure-2.5.7.jar;C:\Users\Vishal Aditya\.m2\repository\org\springframework\boot\spring-boot-starter-logging\2.5.7\spring-boot-starter-logging-2.5.7.jar;C:\Users\Vishal Aditya\.m2\repository\ch\qos\logback\logback-classic\1.2.7\logback-classic-1.2.7.jar;C:\Users\Vishal Aditya\.m2\repository\ch\qos\logback\logback-core\1.2.7\logback-core-1.2.7.jar;C:\Users\Vishal Aditya\.m2\repository\org\apache\logging\log4j\log4j-to-slf4j\2.14.1\log4j-to-slf4j-2.14.1.jar;C:\Users\Vishal Aditya\.m2\repository\org\apache\logging\log4j\log4j-api\2.14.1\log4j-api-2.14.1.jar;C:\Users\Vishal Aditya\.m2\repository\org\slf4j\jul-to-slf4j\1.7.32\jul-to-slf4j-1.7.32.jar;C:\Users\Vishal Aditya\.m2\repository\jakarta\annotation\jakarta.annotation-api\1.3.5\jakarta.annotation-api-1.3.5.jar;C:\Users\Vishal Aditya\.m2\repository\org\springframework\spring-core\5.3.13\spring-core-5.3.13.jar;C:\Users\Vishal Aditya\.m2\repository\org\springframework\spring-jcl\5.3.13\spring-jcl-5.3.13.jar;C:\Users\Vishal Aditya\.m2\repository\org\yaml\snakeyaml\1.28\snakeyaml-1.28.jar;C:\Users\Vishal Aditya\.m2\repository\org\springframework\boot\spring-boot-starter-web\2.5.7\spring-boot-starter-web-2.5.7.jar;C:\Users\Vishal Aditya\.m2\repository\org\springframework\boot\spring-boot-starter-json\2.5.7\spring-boot-starter-json-2.5.7.jar;C:\Users\Vishal Aditya\.m2\repository\com\fasterxml\jackson\core\jackson-databind\2.12.5\jackson-databind-2.12.5.jar;C:\Users\Vishal Aditya\.m2\repository\com\fasterxml\jackson\core\jackson-annotations\2.12.5\jackson-annotations-2.12.5.jar;C:\Users\Vishal Aditya\.m2\repository\com\fasterxml\jackson\core\jackson-core\2.12.5\jackson-core-2.12.5.jar;C:\Users\Vishal Aditya\.m2\repository\com\fasterxml\jackson\datatype\jackson-datatype-jdk8\2.12.5\jackson-datatype-jdk8-2.12.5.jar;C:\Users\Vishal Aditya\.m2\repository\com\fasterxml\jackson\datatype\jackson-datatype-jsr310\2.12.5\jackson-datatype-jsr310-2.12.5.jar;C:\Users\Vishal Aditya\.m2\repository\com\fasterxml\jackson\module\jackson-module-parameter-names\2.12.5\jackson-module-parameter-names-2.12.5.jar;C:\Users\Vishal Aditya\.m2\repository\org\springframework\boot\spring-boot-starter-tomcat\2.5.7\spring-boot-starter-tomcat-2.5.7.jar;C:\Users\Vishal Aditya\.m2\repository\org\apache\tomcat\embed\tomcat-embed-core\9.0.55\tomcat-embed-core-9.0.55.jar;C:\Users\Vishal Aditya\.m2\repository\org\apache\tomcat\embed\tomcat-embed-websocket\9.0.55\tomcat-embed-websocket-9.0.55.jar;C:\Users\Vishal Aditya\.m2\repository\org\springframework\spring-web\5.3.13\spring-web-5.3.13.jar;C:\Users\Vishal Aditya\.m2\repository\org\springframework\spring-webmvc\5.3.13\spring-webmvc-5.3.13.jar;C:\Users\Vishal Aditya\.m2\repository\org\springframework\spring-aop\5.3.13\spring-aop-5.3.13.jar;C:\Users\Vishal Aditya\.m2\repository\org\springframework\spring-expression\5.3.13\spring-expression-5.3.13.jar;C:\Users\Vishal Aditya\.m2\repository\org\springframework\boot\spring-boot-starter-data-jpa\2.5.7\spring-boot-starter-data-jpa-2.5.7.jar;C:\Users\Vishal Aditya\.m2\repository\org\springframework\boot\spring-boot-starter-aop\2.5.7\spring-boot-starter-aop-2.5.7.jar;C:\Users\Vishal Aditya\.m2\repository\org\aspectj\aspectjweaver\1.9.7\aspectjweaver-1.9.7.jar;C:\Users\Vishal Aditya\.m2\repository\org\springframework\boot\spring-boot-starter-jdbc\2.5.7\spring-boot-starter-jdbc-2.5.7.jar;C:\Users\Vishal Aditya\.m2\repository\com\zaxxer\HikariCP\4.0.3\HikariCP-4.0.3.jar;C:\Users\Vishal Aditya\.m2\repository\org\springframework\spring-jdbc\5.3.13\spring-jdbc-5.3.13.jar;C:\Users\Vishal Aditya\.m2\repository\jakarta\transaction\jakarta.transaction-api\1.3.3\jakarta.transaction-api-1.3.3.jar;C:\Users\Vishal Aditya\.m2\repository\jakarta\persistence\jakarta.persistence-api\2.2.3\jakarta.persistence-api-2.2.3.jar;C:\Users\Vishal Aditya\.m2\repository\org\hibernate\hibernate-core\5.4.32.Final\hibernate-core-5.4.32.Final.jar;C:\Users\Vishal Aditya\.m2\repository\org\javassist\javassist\3.27.0-GA\javassist-3.27.0-GA.jar;C:\Users\Vishal Aditya\.m2\repository\net\bytebuddy\byte-buddy\1.10.22\byte-buddy-1.10.22.jar;C:\Users\Vishal Aditya\.m2\repository\antlr\antlr\2.7.7\antlr-2.7.7.jar;C:\Users\Vishal Aditya\.m2\repository\org\jboss\jandex\2.2.3.Final\jandex-2.2.3.Final.jar;C:\Users\Vishal Aditya\.m2\repository\org\dom4j\dom4j\2.1.3\dom4j-2.1.3.jar;C:\Users\Vishal Aditya\.m2\repository\org\hibernate\common\hibernate-commons-annotations\5.1.2.Final\hibernate-commons-annotations-5.1.2.Final.jar;C:\Users\Vishal Aditya\.m2\repository\org\glassfish\jaxb\jaxb-runtime\2.3.5\jaxb-runtime-2.3.5.jar;C:\Users\Vishal Aditya\.m2\repository\org\glassfish\jaxb\txw2\2.3.5\txw2-2.3.5.jar;C:\Users\Vishal Aditya\.m2\repository\com\sun\istack\istack-commons-runtime\3.0.12\istack-commons-runtime-3.0.12.jar;C:\Users\Vishal Aditya\.m2\repository\com\sun\activation\jakarta.activation\1.2.2\jakarta.activation-1.2.2.jar;C:\Users\Vishal Aditya\.m2\repository\org\springframework\data\spring-data-jpa\2.5.7\spring-data-jpa-2.5.7.jar;C:\Users\Vishal Aditya\.m2\repository\org\springframework\data\spring-data-commons\2.5.7\spring-data-commons-2.5.7.jar;C:\Users\Vishal Aditya\.m2\repository\org\springframework\spring-orm\5.3.13\spring-orm-5.3.13.jar;C:\Users\Vishal Aditya\.m2\repository\org\springframework\spring-tx\5.3.13\spring-tx-5.3.13.jar;C:\Users\Vishal Aditya\.m2\repository\org\springframework\spring-aspects\5.3.13\spring-aspects-5.3.13.jar;C:\Users\Vishal Aditya\.m2\repository\org\springframework\boot\spring-boot-devtools\2.5.7\spring-boot-devtools-2.5.7.jar;C:\Users\Vishal Aditya\.m2\repository\com\h2database\h2\1.4.200\h2-1.4.200.jar;C:\Users\Vishal Aditya\.m2\repository\mysql\mysql-connector-java\8.0.27\mysql-connector-java-8.0.27.jar;C:\Users\Vishal Aditya\.m2\repository\org\springframework\boot\spring-boot-starter-actuator\2.5.7\spring-boot-starter-actuator-2.5.7.jar;C:\Users\Vishal Aditya\.m2\repository\org\springframework\boot\spring-boot-actuator-autoconfigure\2.5.7\spring-boot-actuator-autoconfigure-2.5.7.jar;C:\Users\Vishal Aditya\.m2\repository\org\springframework\boot\spring-boot-actuator\2.5.7\spring-boot-actuator-2.5.7.jar;C:\Users\Vishal Aditya\.m2\repository\io\micrometer\micrometer-core\1.7.6\micrometer-core-1.7.6.jar;C:\Users\Vishal Aditya\.m2\repository\org\hdrhistogram\HdrHistogram\2.1.12\HdrHistogram-2.1.12.jar;C:\Users\Vishal Aditya\.m2\repository\org\latencyutils\LatencyUtils\2.0.3\LatencyUtils-2.0.3.jar;C:\Users\Vishal Aditya\.m2\repository\org\projectlombok\lombok\1.18.22\lombok-1.18.22.jar;C:\Users\Vishal Aditya\.m2\repository\org\mapstruct\mapstruct\1.3.0.Final\mapstruct-1.3.0.Final.jar;C:\Users\Vishal Aditya\.m2\repository\org\springframework\boot\spring-boot-starter-test\2.5.7\spring-boot-starter-test-2.5.7.jar;C:\Users\Vishal Aditya\.m2\repository\org\springframework\boot\spring-boot-test\2.5.7\spring-boot-test-2.5.7.jar;C:\Users\Vishal Aditya\.m2\repository\org\springframework\boot\spring-boot-test-autoconfigure\2.5.7\spring-boot-test-autoconfigure-2.5.7.jar;C:\Users\Vishal Aditya\.m2\repository\com\jayway\jsonpath\json-path\2.5.0\json-path-2.5.0.jar;C:\Users\Vishal Aditya\.m2\repository\net\minidev\json-smart\2.4.7\json-smart-2.4.7.jar;C:\Users\Vishal Aditya\.m2\repository\net\minidev\accessors-smart\2.4.7\accessors-smart-2.4.7.jar;C:\Users\Vishal Aditya\.m2\repository\org\ow2\asm\asm\9.1\asm-9.1.jar;C:\Users\Vishal Aditya\.m2\repository\jakarta\xml\bind\jakarta.xml.bind-api\2.3.3\jakarta.xml.bind-api-2.3.3.jar;C:\Users\Vishal Aditya\.m2\repository\jakarta\activation\jakarta.activation-api\1.2.2\jakarta.activation-api-1.2.2.jar;C:\Users\Vishal Aditya\.m2\repository\org\assertj\assertj-core\3.19.0\assertj-core-3.19.0.jar;C:\Users\Vishal Aditya\.m2\repository\org\hamcrest\hamcrest\2.2\hamcrest-2.2.jar;C:\Users\Vishal Aditya\.m2\repository\org\junit\jupiter\junit-jupiter\5.7.2\junit-jupiter-5.7.2.jar;C:\Users\Vishal Aditya\.m2\repository\org\junit\jupiter\junit-jupiter-params\5.7.2\junit-jupiter-params-5.7.2.jar;C:\Users\Vishal Aditya\.m2\repository\org\mockito\mockito-core\3.9.0\mockito-core-3.9.0.jar;C:\Users\Vishal Aditya\.m2\repository\net\bytebuddy\byte-buddy-agent\1.10.22\byte-buddy-agent-1.10.22.jar;C:\Users\Vishal Aditya\.m2\repository\org\objenesis\objenesis\3.2\objenesis-3.2.jar;C:\Users\Vishal Aditya\.m2\repository\org\skyscreamer\jsonassert\1.5.0\jsonassert-1.5.0.jar;C:\Users\Vishal Aditya\.m2\repository\com\vaadin\external\google\android-json\0.0.20131108.vaadin1\android-json-0.0.20131108.vaadin1.jar;C:\Users\Vishal Aditya\.m2\repository\org\springframework\spring-test\5.3.13\spring-test-5.3.13.jar;C:\Users\Vishal Aditya\.m2\repository\org\xmlunit\xmlunit-core\2.8.3\xmlunit-core-2.8.3.jar;C:\Users\Vishal Aditya\.m2\repository\org\junit\jupiter\junit-jupiter-engine\5.7.2\junit-jupiter-engine-5.7.2.jar;C:\Users\Vishal Aditya\.m2\repository\org\apiguardian\apiguardian-api\1.1.0\apiguardian-api-1.1.0.jar;C:\Users\Vishal Aditya\.m2\repository\org\junit\platform\junit-platform-engine\1.7.2\junit-platform-engine-1.7.2.jar;C:\Users\Vishal Aditya\.m2\repository\org\junit\jupiter\junit-jupiter-api\5.7.2\junit-jupiter-api-5.7.2.jar;C:\Users\Vishal Aditya\.m2\repository\org\opentest4j\opentest4j\1.2.0\opentest4j-1.2.0.jar;C:\Users\Vishal Aditya\.m2\repository\org\junit\platform\junit-platform-commons\1.7.2\junit-platform-commons-1.7.2.jar;C:\Users\Vishal Aditya\.m2\repository\org\mockito\mockito-junit-jupiter\3.9.0\mockito-junit-jupiter-3.9.0.jar;"/>
    <property name="sun.cpu.endian" value="little"/>
    <property name="user.home" value="C:\Users\Vishal Aditya"/>
    <property name="user.language" value="en"/>
    <property name="java.specification.vendor" value="Oracle Corporation"/>
    <property name="java.version.date" value="2021-01-19"/>
    <property name="java.home" value="C:\Program Files\Java\jdk-15.0.2"/>
    <property name="file.separator" value="\"/>
    <property name="basedir" value="D:\mssc-beer-service"/>
    <property name="java.vm.compressedOopsMode" value="32-bit"/>
    <property name="line.separator" value="&#10;"/>
    <property name="java.vm.specification.vendor" value="Oracle Corporation"/>
    <property name="java.specification.name" value="Java Platform API Specification"/>
    <property name="surefire.real.class.path" value="C:\Users\VISHAL~1\AppData\Local\Temp\surefire3351330379468092009\surefirebooter2485803438882295011.jar"/>
    <property name="user.script" value=""/>
    <property name="sun.management.compiler" value="HotSpot 64-Bit Tiered Compilers"/>
    <property name="java.runtime.version" value="15.0.2+7-27"/>
    <property name="user.name" value="Vishal Aditya"/>
    <property name="path.separator" value=";"/>
    <property name="os.version" value="10.0"/>
    <property name="java.runtime.name" value="Java(TM) SE Runtime Environment"/>
    <property name="file.encoding" value="Cp1252"/>
    <property name="java.vm.name" value="Java HotSpot(TM) 64-Bit Server VM"/>
    <property name="localRepository" value="C:\Users\Vishal Aditya\.m2\repository"/>
    <property name="java.vendor.url.bug" value="https://bugreport.java.com/bugreport/"/>
    <property name="java.io.tmpdir" value="C:\Users\VISHAL~1\AppData\Local\Temp\"/>
    <property name="idea.version" value="2021.2.3"/>
    <property name="java.version" value="15.0.2"/>
    <property name="user.dir" value="D:\mssc-beer-service"/>
    <property name="os.arch" value="amd64"/>
    <property name="java.vm.specification.name" value="Java Virtual Machine Specification"/>
    <property name="sun.os.patch.level" value=""/>
    <property name="java.library.path" value="C:\Program Files\Java\jdk-15.0.2\bin;C:\WINDOWS\Sun\Java\bin;C:\WINDOWS\system32;C:\WINDOWS;C:\Program Files\Common Files\Oracle\Java\javapath;C:\WINDOWS\system32;C:\WINDOWS;C:\WINDOWS\System32\Wbem;C:\WINDOWS\System32\WindowsPowerShell\v1.0\;C:\WINDOWS\System32\OpenSSH\;C:\Program Files\Java\jdk-14.0.1\bin;C:\Program Files\apache-maven-3.8.2\bin;C:\Program Files\Java\jdk-15.0.2bin;C:\Program Files\Git\cmd;C:\Program Files\apache-maven-3.8.2\bin;C:\Program Files\MySQL\MySQL Shell 8.0\bin\;C:\Users\Vishal Aditya\AppData\Local\Microsoft\WindowsApps;C:\Program Files\JetBrains\IntelliJ IDEA 2020.2\bin;;C:\Program Files\apache-maven-3.8.2\bin;;."/>
    <property name="java.vm.info" value="mixed mode, sharing"/>
    <property name="java.vendor" value="Oracle Corporation"/>
    <property name="java.vm.version" value="15.0.2+7-27"/>
    <property name="sun.io.unicode.encoding" value="UnicodeLittle"/>
    <property name="java.class.version" value="59.0"/>
  </properties>
  <testcase name="contextLoads" classname="guru.springframework.msscbeerservice.MsscBeerServiceApplicationTests" time="0.002">
    <error message="Failed to load ApplicationContext" type="java.lang.IllegalStateException">java.lang.IllegalStateException: Failed to load ApplicationContext
Caused by: org.springframework.beans.factory.BeanCreationException: 
Error creating bean with name 'scriptDataSourceInitializer' defined in class path resource [org/springframework/boot/autoconfigure/jdbc/DataSourceInitializationConfiguration$SharedCredentialsDataSourceInitializationConfiguration.class]: Invocation of init method failed; nested exception is org.springframework.jdbc.datasource.init.ScriptStatementFailedException: Failed to execute SQL script statement #1 of URL [file:/D:/mssc-beer-service/target/classes/data.sql]: INSERT INTO beer (id, beer_name, beer_style, created_date, last_modified_date, min_on_hand, quantity_to_brew, price, upc, version ) values ('0a818933-087d-47f2-ad83-2f986ed087eb', 'Mango Bobs', 'IPA', CURRENT_TIMESTAMP , CURRENT_TIMESTAMP , 12, 200, 12.95, '0631234200036', 1); nested exception is org.h2.jdbc.JdbcSQLSyntaxErrorException: Table "BEER" not found; SQL statement:
INSERT INTO beer (id, beer_name, beer_style, created_date, last_modified_date, min_on_hand, quantity_to_brew, price, upc, version ) values ('0a818933-087d-47f2-ad83-2f986ed087eb', 'Mango Bobs', 'IPA', CURRENT_TIMESTAMP , CURRENT_TIMESTAMP , 12, 200, 12.95, '0631234200036', 1) [42102-200]
Caused by: org.springframework.jdbc.datasource.init.ScriptStatementFailedException: 
Failed to execute SQL script statement #1 of URL [file:/D:/mssc-beer-service/target/classes/data.sql]: INSERT INTO beer (id, beer_name, beer_style, created_date, last_modified_date, min_on_hand, quantity_to_brew, price, upc, version ) values ('0a818933-087d-47f2-ad83-2f986ed087eb', 'Mango Bobs', 'IPA', CURRENT_TIMESTAMP , CURRENT_TIMESTAMP , 12, 200, 12.95, '0631234200036', 1); nested exception is org.h2.jdbc.JdbcSQLSyntaxErrorException: Table "BEER" not found; SQL statement:
INSERT INTO beer (id, beer_name, beer_style, created_date, last_modified_date, min_on_hand, quantity_to_brew, price, upc, version ) values ('0a818933-087d-47f2-ad83-2f986ed087eb', 'Mango Bobs', 'IPA', CURRENT_TIMESTAMP , CURRENT_TIMESTAMP , 12, 200, 12.95, '0631234200036', 1) [42102-200]
Caused by: org.h2.jdbc.JdbcSQLSyntaxErrorException: 
Table "BEER" not found; SQL statement:
INSERT INTO beer (id, beer_name, beer_style, created_date, last_modified_date, min_on_hand, quantity_to_brew, price, upc, version ) values ('0a818933-087d-47f2-ad83-2f986ed087eb', 'Mango Bobs', 'IPA', CURRENT_TIMESTAMP , CURRENT_TIMESTAMP , 12, 200, 12.95, '0631234200036', 1) [42102-200]
</error>
    <system-out><![CDATA[13:49:05.765 [main] DEBUG org.springframework.test.context.BootstrapUtils - Instantiating CacheAwareContextLoaderDelegate from class [org.springframework.test.context.cache.DefaultCacheAwareContextLoaderDelegate]
13:49:05.775 [main] DEBUG org.springframework.test.context.BootstrapUtils - Instantiating BootstrapContext using constructor [public org.springframework.test.context.support.DefaultBootstrapContext(java.lang.Class,org.springframework.test.context.CacheAwareContextLoaderDelegate)]
13:49:05.809 [main] DEBUG org.springframework.test.context.BootstrapUtils - Instantiating TestContextBootstrapper for test class [guru.springframework.msscbeerservice.MsscBeerServiceApplicationTests] from class [org.springframework.boot.test.context.SpringBootTestContextBootstrapper]
13:49:05.823 [main] INFO org.springframework.boot.test.context.SpringBootTestContextBootstrapper - Neither @ContextConfiguration nor @ContextHierarchy found for test class [guru.springframework.msscbeerservice.MsscBeerServiceApplicationTests], using SpringBootContextLoader
13:49:05.828 [main] DEBUG org.springframework.test.context.support.AbstractContextLoader - Did not detect default resource location for test class [guru.springframework.msscbeerservice.MsscBeerServiceApplicationTests]: class path resource [guru/springframework/msscbeerservice/MsscBeerServiceApplicationTests-context.xml] does not exist
13:49:05.829 [main] DEBUG org.springframework.test.context.support.AbstractContextLoader - Did not detect default resource location for test class [guru.springframework.msscbeerservice.MsscBeerServiceApplicationTests]: class path resource [guru/springframework/msscbeerservice/MsscBeerServiceApplicationTestsContext.groovy] does not exist
13:49:05.830 [main] INFO org.springframework.test.context.support.AbstractContextLoader - Could not detect default resource locations for test class [guru.springframework.msscbeerservice.MsscBeerServiceApplicationTests]: no resource found for suffixes {-context.xml, Context.groovy}.
13:49:05.830 [main] INFO org.springframework.test.context.support.AnnotationConfigContextLoaderUtils - Could not detect default configuration classes for test class [guru.springframework.msscbeerservice.MsscBeerServiceApplicationTests]: MsscBeerServiceApplicationTests does not declare any static, non-private, non-final, nested classes annotated with @Configuration.
13:49:05.882 [main] DEBUG org.springframework.test.context.support.ActiveProfilesUtils - Could not find an 'annotation declaring class' for annotation type [org.springframework.test.context.ActiveProfiles] and class [guru.springframework.msscbeerservice.MsscBeerServiceApplicationTests]
13:49:05.954 [main] DEBUG org.springframework.context.annotation.ClassPathScanningCandidateComponentProvider - Identified candidate component class: file [D:\mssc-beer-service\target\classes\guru\springframework\msscbeerservice\MsscBeerServiceApplication.class]
13:49:05.958 [main] INFO org.springframework.boot.test.context.SpringBootTestContextBootstrapper - Found @SpringBootConfiguration guru.springframework.msscbeerservice.MsscBeerServiceApplication for test class guru.springframework.msscbeerservice.MsscBeerServiceApplicationTests
13:49:06.080 [main] DEBUG org.springframework.boot.test.context.SpringBootTestContextBootstrapper - @TestExecutionListeners is not present for class [guru.springframework.msscbeerservice.MsscBeerServiceApplicationTests]: using defaults.
13:49:06.081 [main] INFO org.springframework.boot.test.context.SpringBootTestContextBootstrapper - Loaded default TestExecutionListener class names from location [META-INF/spring.factories]: [org.springframework.boot.test.mock.mockito.MockitoTestExecutionListener, org.springframework.boot.test.mock.mockito.ResetMocksTestExecutionListener, org.springframework.boot.test.autoconfigure.restdocs.RestDocsTestExecutionListener, org.springframework.boot.test.autoconfigure.web.client.MockRestServiceServerResetTestExecutionListener, org.springframework.boot.test.autoconfigure.web.servlet.MockMvcPrintOnlyOnFailureTestExecutionListener, org.springframework.boot.test.autoconfigure.web.servlet.WebDriverTestExecutionListener, org.springframework.boot.test.autoconfigure.webservices.client.MockWebServiceServerTestExecutionListener, org.springframework.test.context.web.ServletTestExecutionListener, org.springframework.test.context.support.DirtiesContextBeforeModesTestExecutionListener, org.springframework.test.context.event.ApplicationEventsTestExecutionListener, org.springframework.test.context.support.DependencyInjectionTestExecutionListener, org.springframework.test.context.support.DirtiesContextTestExecutionListener, org.springframework.test.context.transaction.TransactionalTestExecutionListener, org.springframework.test.context.jdbc.SqlScriptsTestExecutionListener, org.springframework.test.context.event.EventPublishingTestExecutionListener]
13:49:06.104 [main] INFO org.springframework.boot.test.context.SpringBootTestContextBootstrapper - Using TestExecutionListeners: [org.springframework.test.context.web.ServletTestExecutionListener@7164ca4c, org.springframework.test.context.support.DirtiesContextBeforeModesTestExecutionListener@4f3bbf68, org.springframework.test.context.event.ApplicationEventsTestExecutionListener@5be46f9d, org.springframework.boot.test.mock.mockito.MockitoTestExecutionListener@3f91b517, org.springframework.boot.test.autoconfigure.SpringBootDependencyInjectionTestExecutionListener@68702e03, org.springframework.test.context.support.DirtiesContextTestExecutionListener@7a220c9a, org.springframework.test.context.transaction.TransactionalTestExecutionListener@2421cc4, org.springframework.test.context.jdbc.SqlScriptsTestExecutionListener@30c93896, org.springframework.test.context.event.EventPublishingTestExecutionListener@59a008ba, org.springframework.boot.test.mock.mockito.ResetMocksTestExecutionListener@338c99c8, org.springframework.boot.test.autoconfigure.restdocs.RestDocsTestExecutionListener@21ba0741, org.springframework.boot.test.autoconfigure.web.client.MockRestServiceServerResetTestExecutionListener@58ce9668, org.springframework.boot.test.autoconfigure.web.servlet.MockMvcPrintOnlyOnFailureTestExecutionListener@172b013, org.springframework.boot.test.autoconfigure.web.servlet.WebDriverTestExecutionListener@56673b2c, org.springframework.boot.test.autoconfigure.webservices.client.MockWebServiceServerTestExecutionListener@2796aeae]
13:49:06.109 [main] DEBUG org.springframework.test.context.support.AbstractDirtiesContextTestExecutionListener - Before test class: context [DefaultTestContext@7a55af6b testClass = MsscBeerServiceApplicationTests, testInstance = [null], testMethod = [null], testException = [null], mergedContextConfiguration = [WebMergedContextConfiguration@3d9c13b5 testClass = MsscBeerServiceApplicationTests, locations = '{}', classes = '{class guru.springframework.msscbeerservice.MsscBeerServiceApplication}', contextInitializerClasses = '[]', activeProfiles = '{}', propertySourceLocations = '{}', propertySourceProperties = '{org.springframework.boot.test.context.SpringBootTestContextBootstrapper=true}', contextCustomizers = set[org.springframework.boot.test.context.filter.ExcludeFilterContextCustomizer@73700b80, org.springframework.boot.test.json.DuplicateJsonObjectContextCustomizerFactory$DuplicateJsonObjectContextCustomizer@4d5b6aac, org.springframework.boot.test.mock.mockito.MockitoContextCustomizer@0, org.springframework.boot.test.web.client.TestRestTemplateContextCustomizer@156b88f5, org.springframework.boot.test.autoconfigure.actuate.metrics.MetricsExportContextCustomizerFactory$DisableMetricExportContextCustomizer@3232a28a, org.springframework.boot.test.autoconfigure.properties.PropertyMappingContextCustomizer@0, org.springframework.boot.test.autoconfigure.web.servlet.WebDriverContextCustomizerFactory$Customizer@543588e6, org.springframework.boot.test.context.SpringBootTestArgs@1, org.springframework.boot.test.context.SpringBootTestWebEnvironment@44c8afef], resourceBasePath = 'src/main/webapp', contextLoader = 'org.springframework.boot.test.context.SpringBootContextLoader', parent = [null]], attributes = map['org.springframework.test.context.web.ServletTestExecutionListener.activateListener' -> true]], class annotated with @DirtiesContext [false] with mode [null].
13:49:06.200 [main] DEBUG org.springframework.boot.ApplicationServletEnvironment - Activating profiles []
13:49:06.206 [main] DEBUG org.springframework.test.context.support.TestPropertySourceUtils - Adding inlined properties to environment: {spring.jmx.enabled=false, org.springframework.boot.test.context.SpringBootTestContextBootstrapper=true}

  .   ____          _            __ _ _
 /\\ / ___'_ __ _ _(_)_ __  __ _ \ \ \ \
( ( )\___ | '_ | '_| | '_ \/ _` | \ \ \ \
 \\/  ___)| |_)| | | | | || (_| |  ) ) ) )
  '  |____| .__|_| |_|_| |_\__, | / / / /
 =========|_|==============|___/=/_/_/_/
 :: Spring Boot ::                (v2.5.7)

2021-11-23 13:49:06.564  INFO 17960 --- [           main] g.s.m.MsscBeerServiceApplicationTests    : Starting MsscBeerServiceApplicationTests using Java 15.0.2 on LAPTOP-L5DMLABS with PID 17960 (started by Vishal Aditya in D:\mssc-beer-service)
2021-11-23 13:49:06.566  INFO 17960 --- [           main] g.s.m.MsscBeerServiceApplicationTests    : No active profile set, falling back to default profiles: default
2021-11-23 13:49:07.913  INFO 17960 --- [           main] .s.d.r.c.RepositoryConfigurationDelegate : Bootstrapping Spring Data JPA repositories in DEFAULT mode.
2021-11-23 13:49:07.993  INFO 17960 --- [           main] .s.d.r.c.RepositoryConfigurationDelegate : Finished Spring Data repository scanning in 69 ms. Found 1 JPA repository interfaces.
2021-11-23 13:49:08.779  INFO 17960 --- [           main] com.zaxxer.hikari.HikariDataSource       : HikariPool-1 - Starting...
2021-11-23 13:49:09.041  INFO 17960 --- [           main] com.zaxxer.hikari.HikariDataSource       : HikariPool-1 - Start completed.
2021-11-23 13:49:09.093  WARN 17960 --- [           main] o.s.w.c.s.GenericWebApplicationContext   : Exception encountered during context initialization - cancelling refresh attempt: org.springframework.beans.factory.BeanCreationException: Error creating bean with name 'scriptDataSourceInitializer' defined in class path resource [org/springframework/boot/autoconfigure/jdbc/DataSourceInitializationConfiguration$SharedCredentialsDataSourceInitializationConfiguration.class]: Invocation of init method failed; nested exception is org.springframework.jdbc.datasource.init.ScriptStatementFailedException: Failed to execute SQL script statement #1 of URL [file:/D:/mssc-beer-service/target/classes/data.sql]: INSERT INTO beer (id, beer_name, beer_style, created_date, last_modified_date, min_on_hand, quantity_to_brew, price, upc, version ) values ('0a818933-087d-47f2-ad83-2f986ed087eb', 'Mango Bobs', 'IPA', CURRENT_TIMESTAMP , CURRENT_TIMESTAMP , 12, 200, 12.95, '0631234200036', 1); nested exception is org.h2.jdbc.JdbcSQLSyntaxErrorException: Table "BEER" not found; SQL statement:
INSERT INTO beer (id, beer_name, beer_style, created_date, last_modified_date, min_on_hand, quantity_to_brew, price, upc, version ) values ('0a818933-087d-47f2-ad83-2f986ed087eb', 'Mango Bobs', 'IPA', CURRENT_TIMESTAMP , CURRENT_TIMESTAMP , 12, 200, 12.95, '0631234200036', 1) [42102-200]
2021-11-23 13:49:09.093  INFO 17960 --- [           main] com.zaxxer.hikari.HikariDataSource       : HikariPool-1 - Shutdown initiated...
2021-11-23 13:49:09.096  INFO 17960 --- [           main] com.zaxxer.hikari.HikariDataSource       : HikariPool-1 - Shutdown completed.
2021-11-23 13:49:09.113  INFO 17960 --- [           main] ConditionEvaluationReportLoggingListener : 

Error starting ApplicationContext. To display the conditions report re-run your application with 'debug' enabled.
2021-11-23 13:49:09.145 ERROR 17960 --- [           main] o.s.boot.SpringApplication               : Application run failed

org.springframework.beans.factory.BeanCreationException: Error creating bean with name 'scriptDataSourceInitializer' defined in class path resource [org/springframework/boot/autoconfigure/jdbc/DataSourceInitializationConfiguration$SharedCredentialsDataSourceInitializationConfiguration.class]: Invocation of init method failed; nested exception is org.springframework.jdbc.datasource.init.ScriptStatementFailedException: Failed to execute SQL script statement #1 of URL [file:/D:/mssc-beer-service/target/classes/data.sql]: INSERT INTO beer (id, beer_name, beer_style, created_date, last_modified_date, min_on_hand, quantity_to_brew, price, upc, version ) values ('0a818933-087d-47f2-ad83-2f986ed087eb', 'Mango Bobs', 'IPA', CURRENT_TIMESTAMP , CURRENT_TIMESTAMP , 12, 200, 12.95, '0631234200036', 1); nested exception is org.h2.jdbc.JdbcSQLSyntaxErrorException: Table "BEER" not found; SQL statement:
INSERT INTO beer (id, beer_name, beer_style, created_date, last_modified_date, min_on_hand, quantity_to_brew, price, upc, version ) values ('0a818933-087d-47f2-ad83-2f986ed087eb', 'Mango Bobs', 'IPA', CURRENT_TIMESTAMP , CURRENT_TIMESTAMP , 12, 200, 12.95, '0631234200036', 1) [42102-200]
	at org.springframework.beans.factory.support.AbstractAutowireCapableBeanFactory.initializeBean(AbstractAutowireCapableBeanFactory.java:1804) ~[spring-beans-5.3.13.jar:5.3.13]
	at org.springframework.beans.factory.support.AbstractAutowireCapableBeanFactory.doCreateBean(AbstractAutowireCapableBeanFactory.java:620) ~[spring-beans-5.3.13.jar:5.3.13]
	at org.springframework.beans.factory.support.AbstractAutowireCapableBeanFactory.createBean(AbstractAutowireCapableBeanFactory.java:542) ~[spring-beans-5.3.13.jar:5.3.13]
	at org.springframework.beans.factory.support.AbstractBeanFactory.lambda$doGetBean$0(AbstractBeanFactory.java:335) ~[spring-beans-5.3.13.jar:5.3.13]
	at org.springframework.beans.factory.support.DefaultSingletonBeanRegistry.getSingleton(DefaultSingletonBeanRegistry.java:234) ~[spring-beans-5.3.13.jar:5.3.13]
	at org.springframework.beans.factory.support.AbstractBeanFactory.doGetBean(AbstractBeanFactory.java:333) ~[spring-beans-5.3.13.jar:5.3.13]
	at org.springframework.beans.factory.support.AbstractBeanFactory.getBean(AbstractBeanFactory.java:208) ~[spring-beans-5.3.13.jar:5.3.13]
	at org.springframework.beans.factory.support.AbstractBeanFactory.doGetBean(AbstractBeanFactory.java:322) ~[spring-beans-5.3.13.jar:5.3.13]
	at org.springframework.beans.factory.support.AbstractBeanFactory.getBean(AbstractBeanFactory.java:208) ~[spring-beans-5.3.13.jar:5.3.13]
	at org.springframework.context.support.AbstractApplicationContext.getBean(AbstractApplicationContext.java:1154) ~[spring-context-5.3.13.jar:5.3.13]
	at org.springframework.context.support.AbstractApplicationContext.finishBeanFactoryInitialization(AbstractApplicationContext.java:908) ~[spring-context-5.3.13.jar:5.3.13]
	at org.springframework.context.support.AbstractApplicationContext.refresh(AbstractApplicationContext.java:583) ~[spring-context-5.3.13.jar:5.3.13]
	at org.springframework.boot.SpringApplication.refresh(SpringApplication.java:765) ~[spring-boot-2.5.7.jar:2.5.7]
	at org.springframework.boot.SpringApplication.refreshContext(SpringApplication.java:445) ~[spring-boot-2.5.7.jar:2.5.7]
	at org.springframework.boot.SpringApplication.run(SpringApplication.java:338) ~[spring-boot-2.5.7.jar:2.5.7]
	at org.springframework.boot.test.context.SpringBootContextLoader.loadContext(SpringBootContextLoader.java:120) ~[spring-boot-test-2.5.7.jar:2.5.7]
	at org.springframework.test.context.cache.DefaultCacheAwareContextLoaderDelegate.loadContextInternal(DefaultCacheAwareContextLoaderDelegate.java:99) ~[spring-test-5.3.13.jar:5.3.13]
	at org.springframework.test.context.cache.DefaultCacheAwareContextLoaderDelegate.loadContext(DefaultCacheAwareContextLoaderDelegate.java:124) ~[spring-test-5.3.13.jar:5.3.13]
	at org.springframework.test.context.support.DefaultTestContext.getApplicationContext(DefaultTestContext.java:124) ~[spring-test-5.3.13.jar:5.3.13]
	at org.springframework.test.context.web.ServletTestExecutionListener.setUpRequestContextIfNecessary(ServletTestExecutionListener.java:190) ~[spring-test-5.3.13.jar:5.3.13]
	at org.springframework.test.context.web.ServletTestExecutionListener.prepareTestInstance(ServletTestExecutionListener.java:132) ~[spring-test-5.3.13.jar:5.3.13]
	at org.springframework.test.context.TestContextManager.prepareTestInstance(TestContextManager.java:248) ~[spring-test-5.3.13.jar:5.3.13]
	at org.springframework.test.context.junit.jupiter.SpringExtension.postProcessTestInstance(SpringExtension.java:138) ~[spring-test-5.3.13.jar:5.3.13]
	at org.junit.jupiter.engine.descriptor.ClassBasedTestDescriptor.lambda$invokeTestInstancePostProcessors$6(ClassBasedTestDescriptor.java:350) ~[junit-jupiter-engine-5.7.2.jar:5.7.2]
	at org.junit.jupiter.engine.descriptor.ClassBasedTestDescriptor.executeAndMaskThrowable(ClassBasedTestDescriptor.java:355) ~[junit-jupiter-engine-5.7.2.jar:5.7.2]
	at org.junit.jupiter.engine.descriptor.ClassBasedTestDescriptor.lambda$invokeTestInstancePostProcessors$7(ClassBasedTestDescriptor.java:350) ~[junit-jupiter-engine-5.7.2.jar:5.7.2]
	at java.base/java.util.stream.ReferencePipeline$3$1.accept(ReferencePipeline.java:195) ~[na:na]
	at java.base/java.util.stream.ReferencePipeline$2$1.accept(ReferencePipeline.java:177) ~[na:na]
	at java.base/java.util.ArrayList$ArrayListSpliterator.forEachRemaining(ArrayList.java:1625) ~[na:na]
	at java.base/java.util.stream.AbstractPipeline.copyInto(AbstractPipeline.java:484) ~[na:na]
	at java.base/java.util.stream.AbstractPipeline.wrapAndCopyInto(AbstractPipeline.java:474) ~[na:na]
	at java.base/java.util.stream.StreamSpliterators$WrappingSpliterator.forEachRemaining(StreamSpliterators.java:312) ~[na:na]
	at java.base/java.util.stream.Streams$ConcatSpliterator.forEachRemaining(Streams.java:735) ~[na:na]
	at java.base/java.util.stream.Streams$ConcatSpliterator.forEachRemaining(Streams.java:734) ~[na:na]
	at java.base/java.util.stream.ReferencePipeline$Head.forEach(ReferencePipeline.java:658) ~[na:na]
	at org.junit.jupiter.engine.descriptor.ClassBasedTestDescriptor.invokeTestInstancePostProcessors(ClassBasedTestDescriptor.java:349) ~[junit-jupiter-engine-5.7.2.jar:5.7.2]
	at org.junit.jupiter.engine.descriptor.ClassBasedTestDescriptor.lambda$instantiateAndPostProcessTestInstance$4(ClassBasedTestDescriptor.java:270) ~[junit-jupiter-engine-5.7.2.jar:5.7.2]
	at org.junit.platform.engine.support.hierarchical.ThrowableCollector.execute(ThrowableCollector.java:73) ~[junit-platform-engine-1.7.2.jar:1.7.2]
	at org.junit.jupiter.engine.descriptor.ClassBasedTestDescriptor.instantiateAndPostProcessTestInstance(ClassBasedTestDescriptor.java:269) ~[junit-jupiter-engine-5.7.2.jar:5.7.2]
	at org.junit.jupiter.engine.descriptor.ClassBasedTestDescriptor.lambda$testInstancesProvider$2(ClassBasedTestDescriptor.java:259) ~[junit-jupiter-engine-5.7.2.jar:5.7.2]
	at java.base/java.util.Optional.orElseGet(Optional.java:362) ~[na:na]
	at org.junit.jupiter.engine.descriptor.ClassBasedTestDescriptor.lambda$testInstancesProvider$3(ClassBasedTestDescriptor.java:258) ~[junit-jupiter-engine-5.7.2.jar:5.7.2]
	at org.junit.jupiter.engine.execution.TestInstancesProvider.getTestInstances(TestInstancesProvider.java:31) ~[junit-jupiter-engine-5.7.2.jar:5.7.2]
	at org.junit.jupiter.engine.descriptor.TestMethodTestDescriptor.lambda$prepare$0(TestMethodTestDescriptor.java:101) ~[junit-jupiter-engine-5.7.2.jar:5.7.2]
	at org.junit.platform.engine.support.hierarchical.ThrowableCollector.execute(ThrowableCollector.java:73) ~[junit-platform-engine-1.7.2.jar:1.7.2]
	at org.junit.jupiter.engine.descriptor.TestMethodTestDescriptor.prepare(TestMethodTestDescriptor.java:100) ~[junit-jupiter-engine-5.7.2.jar:5.7.2]
	at org.junit.jupiter.engine.descriptor.TestMethodTestDescriptor.prepare(TestMethodTestDescriptor.java:65) ~[junit-jupiter-engine-5.7.2.jar:5.7.2]
	at org.junit.platform.engine.support.hierarchical.NodeTestTask.lambda$prepare$1(NodeTestTask.java:111) ~[junit-platform-engine-1.7.2.jar:1.7.2]
	at org.junit.platform.engine.support.hierarchical.ThrowableCollector.execute(ThrowableCollector.java:73) ~[junit-platform-engine-1.7.2.jar:1.7.2]
	at org.junit.platform.engine.support.hierarchical.NodeTestTask.prepare(NodeTestTask.java:111) ~[junit-platform-engine-1.7.2.jar:1.7.2]
	at org.junit.platform.engine.support.hierarchical.NodeTestTask.execute(NodeTestTask.java:79) ~[junit-platform-engine-1.7.2.jar:1.7.2]
	at java.base/java.util.ArrayList.forEach(ArrayList.java:1511) ~[na:na]
	at org.junit.platform.engine.support.hierarchical.SameThreadHierarchicalTestExecutorService.invokeAll(SameThreadHierarchicalTestExecutorService.java:38) ~[junit-platform-engine-1.7.2.jar:1.7.2]
	at org.junit.platform.engine.support.hierarchical.NodeTestTask.lambda$executeRecursively$5(NodeTestTask.java:143) ~[junit-platform-engine-1.7.2.jar:1.7.2]
	at org.junit.platform.engine.support.hierarchical.ThrowableCollector.execute(ThrowableCollector.java:73) ~[junit-platform-engine-1.7.2.jar:1.7.2]
	at org.junit.platform.engine.support.hierarchical.NodeTestTask.lambda$executeRecursively$7(NodeTestTask.java:129) ~[junit-platform-engine-1.7.2.jar:1.7.2]
	at org.junit.platform.engine.support.hierarchical.Node.around(Node.java:137) ~[junit-platform-engine-1.7.2.jar:1.7.2]
	at org.junit.platform.engine.support.hierarchical.NodeTestTask.lambda$executeRecursively$8(NodeTestTask.java:127) ~[junit-platform-engine-1.7.2.jar:1.7.2]
	at org.junit.platform.engine.support.hierarchical.ThrowableCollector.execute(ThrowableCollector.java:73) ~[junit-platform-engine-1.7.2.jar:1.7.2]
	at org.junit.platform.engine.support.hierarchical.NodeTestTask.executeRecursively(NodeTestTask.java:126) ~[junit-platform-engine-1.7.2.jar:1.7.2]
	at org.junit.platform.engine.support.hierarchical.NodeTestTask.execute(NodeTestTask.java:84) ~[junit-platform-engine-1.7.2.jar:1.7.2]
	at java.base/java.util.ArrayList.forEach(ArrayList.java:1511) ~[na:na]
	at org.junit.platform.engine.support.hierarchical.SameThreadHierarchicalTestExecutorService.invokeAll(SameThreadHierarchicalTestExecutorService.java:38) ~[junit-platform-engine-1.7.2.jar:1.7.2]
	at org.junit.platform.engine.support.hierarchical.NodeTestTask.lambda$executeRecursively$5(NodeTestTask.java:143) ~[junit-platform-engine-1.7.2.jar:1.7.2]
	at org.junit.platform.engine.support.hierarchical.ThrowableCollector.execute(ThrowableCollector.java:73) ~[junit-platform-engine-1.7.2.jar:1.7.2]
	at org.junit.platform.engine.support.hierarchical.NodeTestTask.lambda$executeRecursively$7(NodeTestTask.java:129) ~[junit-platform-engine-1.7.2.jar:1.7.2]
	at org.junit.platform.engine.support.hierarchical.Node.around(Node.java:137) ~[junit-platform-engine-1.7.2.jar:1.7.2]
	at org.junit.platform.engine.support.hierarchical.NodeTestTask.lambda$executeRecursively$8(NodeTestTask.java:127) ~[junit-platform-engine-1.7.2.jar:1.7.2]
	at org.junit.platform.engine.support.hierarchical.ThrowableCollector.execute(ThrowableCollector.java:73) ~[junit-platform-engine-1.7.2.jar:1.7.2]
	at org.junit.platform.engine.support.hierarchical.NodeTestTask.executeRecursively(NodeTestTask.java:126) ~[junit-platform-engine-1.7.2.jar:1.7.2]
	at org.junit.platform.engine.support.hierarchical.NodeTestTask.execute(NodeTestTask.java:84) ~[junit-platform-engine-1.7.2.jar:1.7.2]
	at org.junit.platform.engine.support.hierarchical.SameThreadHierarchicalTestExecutorService.submit(SameThreadHierarchicalTestExecutorService.java:32) ~[junit-platform-engine-1.7.2.jar:1.7.2]
	at org.junit.platform.engine.support.hierarchical.HierarchicalTestExecutor.execute(HierarchicalTestExecutor.java:57) ~[junit-platform-engine-1.7.2.jar:1.7.2]
	at org.junit.platform.engine.support.hierarchical.HierarchicalTestEngine.execute(HierarchicalTestEngine.java:51) ~[junit-platform-engine-1.7.2.jar:1.7.2]
	at org.junit.platform.launcher.core.DefaultLauncher.execute(DefaultLauncher.java:220) ~[junit-platform-launcher-1.3.1.jar:1.3.1]
	at org.junit.platform.launcher.core.DefaultLauncher.lambda$execute$6(DefaultLauncher.java:188) ~[junit-platform-launcher-1.3.1.jar:1.3.1]
	at org.junit.platform.launcher.core.DefaultLauncher.withInterceptedStreams(DefaultLauncher.java:202) ~[junit-platform-launcher-1.3.1.jar:1.3.1]
	at org.junit.platform.launcher.core.DefaultLauncher.execute(DefaultLauncher.java:181) ~[junit-platform-launcher-1.3.1.jar:1.3.1]
	at org.junit.platform.launcher.core.DefaultLauncher.execute(DefaultLauncher.java:128) ~[junit-platform-launcher-1.3.1.jar:1.3.1]
	at org.apache.maven.surefire.junitplatform.JUnitPlatformProvider.invokeAllTests(JUnitPlatformProvider.java:150) ~[surefire-junit-platform-2.22.2.jar:2.22.2]
	at org.apache.maven.surefire.junitplatform.JUnitPlatformProvider.invoke(JUnitPlatformProvider.java:124) ~[surefire-junit-platform-2.22.2.jar:2.22.2]
	at org.apache.maven.surefire.booter.ForkedBooter.invokeProviderInSameClassLoader(ForkedBooter.java:384) ~[surefire-booter-2.22.2.jar:2.22.2]
	at org.apache.maven.surefire.booter.ForkedBooter.runSuitesInProcess(ForkedBooter.java:345) ~[surefire-booter-2.22.2.jar:2.22.2]
	at org.apache.maven.surefire.booter.ForkedBooter.execute(ForkedBooter.java:126) ~[surefire-booter-2.22.2.jar:2.22.2]
	at org.apache.maven.surefire.booter.ForkedBooter.main(ForkedBooter.java:418) ~[surefire-booter-2.22.2.jar:2.22.2]
Caused by: org.springframework.jdbc.datasource.init.ScriptStatementFailedException: Failed to execute SQL script statement #1 of URL [file:/D:/mssc-beer-service/target/classes/data.sql]: INSERT INTO beer (id, beer_name, beer_style, created_date, last_modified_date, min_on_hand, quantity_to_brew, price, upc, version ) values ('0a818933-087d-47f2-ad83-2f986ed087eb', 'Mango Bobs', 'IPA', CURRENT_TIMESTAMP , CURRENT_TIMESTAMP , 12, 200, 12.95, '0631234200036', 1); nested exception is org.h2.jdbc.JdbcSQLSyntaxErrorException: Table "BEER" not found; SQL statement:
INSERT INTO beer (id, beer_name, beer_style, created_date, last_modified_date, min_on_hand, quantity_to_brew, price, upc, version ) values ('0a818933-087d-47f2-ad83-2f986ed087eb', 'Mango Bobs', 'IPA', CURRENT_TIMESTAMP , CURRENT_TIMESTAMP , 12, 200, 12.95, '0631234200036', 1) [42102-200]
	at org.springframework.jdbc.datasource.init.ScriptUtils.executeSqlScript(ScriptUtils.java:282) ~[spring-jdbc-5.3.13.jar:5.3.13]
	at org.springframework.jdbc.datasource.init.ResourceDatabasePopulator.populate(ResourceDatabasePopulator.java:254) ~[spring-jdbc-5.3.13.jar:5.3.13]
	at org.springframework.jdbc.datasource.init.DatabasePopulatorUtils.execute(DatabasePopulatorUtils.java:54) ~[spring-jdbc-5.3.13.jar:5.3.13]
	at org.springframework.boot.jdbc.init.DataSourceScriptDatabaseInitializer.runScripts(DataSourceScriptDatabaseInitializer.java:89) ~[spring-boot-2.5.7.jar:2.5.7]
	at org.springframework.boot.sql.init.AbstractScriptDatabaseInitializer.runScripts(AbstractScriptDatabaseInitializer.java:145) ~[spring-boot-2.5.7.jar:2.5.7]
	at org.springframework.boot.sql.init.AbstractScriptDatabaseInitializer.applyScripts(AbstractScriptDatabaseInitializer.java:107) ~[spring-boot-2.5.7.jar:2.5.7]
	at org.springframework.boot.sql.init.AbstractScriptDatabaseInitializer.applyDataScripts(AbstractScriptDatabaseInitializer.java:101) ~[spring-boot-2.5.7.jar:2.5.7]
	at org.springframework.boot.sql.init.AbstractScriptDatabaseInitializer.initializeDatabase(AbstractScriptDatabaseInitializer.java:76) ~[spring-boot-2.5.7.jar:2.5.7]
	at org.springframework.boot.sql.init.AbstractScriptDatabaseInitializer.afterPropertiesSet(AbstractScriptDatabaseInitializer.java:65) ~[spring-boot-2.5.7.jar:2.5.7]
	at org.springframework.beans.factory.support.AbstractAutowireCapableBeanFactory.invokeInitMethods(AbstractAutowireCapableBeanFactory.java:1863) ~[spring-beans-5.3.13.jar:5.3.13]
	at org.springframework.beans.factory.support.AbstractAutowireCapableBeanFactory.initializeBean(AbstractAutowireCapableBeanFactory.java:1800) ~[spring-beans-5.3.13.jar:5.3.13]
	... 84 common frames omitted
Caused by: org.h2.jdbc.JdbcSQLSyntaxErrorException: Table "BEER" not found; SQL statement:
INSERT INTO beer (id, beer_name, beer_style, created_date, last_modified_date, min_on_hand, quantity_to_brew, price, upc, version ) values ('0a818933-087d-47f2-ad83-2f986ed087eb', 'Mango Bobs', 'IPA', CURRENT_TIMESTAMP , CURRENT_TIMESTAMP , 12, 200, 12.95, '0631234200036', 1) [42102-200]
	at org.h2.message.DbException.getJdbcSQLException(DbException.java:453) ~[h2-1.4.200.jar:1.4.200]
	at org.h2.message.DbException.getJdbcSQLException(DbException.java:429) ~[h2-1.4.200.jar:1.4.200]
	at org.h2.message.DbException.get(DbException.java:205) ~[h2-1.4.200.jar:1.4.200]
	at org.h2.message.DbException.get(DbException.java:181) ~[h2-1.4.200.jar:1.4.200]
	at org.h2.command.Parser.readTableOrView(Parser.java:7628) ~[h2-1.4.200.jar:1.4.200]
	at org.h2.command.Parser.readTableOrView(Parser.java:7599) ~[h2-1.4.200.jar:1.4.200]
	at org.h2.command.Parser.parseInsert(Parser.java:1747) ~[h2-1.4.200.jar:1.4.200]
	at org.h2.command.Parser.parsePrepared(Parser.java:954) ~[h2-1.4.200.jar:1.4.200]
	at org.h2.command.Parser.parse(Parser.java:843) ~[h2-1.4.200.jar:1.4.200]
	at org.h2.command.Parser.parse(Parser.java:815) ~[h2-1.4.200.jar:1.4.200]
	at org.h2.command.Parser.prepareCommand(Parser.java:738) ~[h2-1.4.200.jar:1.4.200]
	at org.h2.engine.Session.prepareLocal(Session.java:657) ~[h2-1.4.200.jar:1.4.200]
	at org.h2.engine.Session.prepareCommand(Session.java:595) ~[h2-1.4.200.jar:1.4.200]
	at org.h2.jdbc.JdbcConnection.prepareCommand(JdbcConnection.java:1235) ~[h2-1.4.200.jar:1.4.200]
	at org.h2.jdbc.JdbcStatement.executeInternal(JdbcStatement.java:212) ~[h2-1.4.200.jar:1.4.200]
	at org.h2.jdbc.JdbcStatement.execute(JdbcStatement.java:201) ~[h2-1.4.200.jar:1.4.200]
	at com.zaxxer.hikari.pool.ProxyStatement.execute(ProxyStatement.java:94) ~[HikariCP-4.0.3.jar:na]
	at com.zaxxer.hikari.pool.HikariProxyStatement.execute(HikariProxyStatement.java) ~[HikariCP-4.0.3.jar:na]
	at org.springframework.jdbc.datasource.init.ScriptUtils.executeSqlScript(ScriptUtils.java:261) ~[spring-jdbc-5.3.13.jar:5.3.13]
	... 94 common frames omitted

2021-11-23 13:49:09.149 ERROR 17960 --- [           main] o.s.test.context.TestContextManager      : Caught exception while allowing TestExecutionListener [org.springframework.test.context.web.ServletTestExecutionListener@7164ca4c] to prepare test instance [guru.springframework.msscbeerservice.MsscBeerServiceApplicationTests@40ce9049]

java.lang.IllegalStateException: Failed to load ApplicationContext
	at org.springframework.test.context.cache.DefaultCacheAwareContextLoaderDelegate.loadContext(DefaultCacheAwareContextLoaderDelegate.java:132) ~[spring-test-5.3.13.jar:5.3.13]
	at org.springframework.test.context.support.DefaultTestContext.getApplicationContext(DefaultTestContext.java:124) ~[spring-test-5.3.13.jar:5.3.13]
	at org.springframework.test.context.web.ServletTestExecutionListener.setUpRequestContextIfNecessary(ServletTestExecutionListener.java:190) ~[spring-test-5.3.13.jar:5.3.13]
	at org.springframework.test.context.web.ServletTestExecutionListener.prepareTestInstance(ServletTestExecutionListener.java:132) ~[spring-test-5.3.13.jar:5.3.13]
	at org.springframework.test.context.TestContextManager.prepareTestInstance(TestContextManager.java:248) ~[spring-test-5.3.13.jar:5.3.13]
	at org.springframework.test.context.junit.jupiter.SpringExtension.postProcessTestInstance(SpringExtension.java:138) ~[spring-test-5.3.13.jar:5.3.13]
	at org.junit.jupiter.engine.descriptor.ClassBasedTestDescriptor.lambda$invokeTestInstancePostProcessors$6(ClassBasedTestDescriptor.java:350) ~[junit-jupiter-engine-5.7.2.jar:5.7.2]
	at org.junit.jupiter.engine.descriptor.ClassBasedTestDescriptor.executeAndMaskThrowable(ClassBasedTestDescriptor.java:355) ~[junit-jupiter-engine-5.7.2.jar:5.7.2]
	at org.junit.jupiter.engine.descriptor.ClassBasedTestDescriptor.lambda$invokeTestInstancePostProcessors$7(ClassBasedTestDescriptor.java:350) ~[junit-jupiter-engine-5.7.2.jar:5.7.2]
	at java.base/java.util.stream.ReferencePipeline$3$1.accept(ReferencePipeline.java:195) ~[na:na]
	at java.base/java.util.stream.ReferencePipeline$2$1.accept(ReferencePipeline.java:177) ~[na:na]
	at java.base/java.util.ArrayList$ArrayListSpliterator.forEachRemaining(ArrayList.java:1625) ~[na:na]
	at java.base/java.util.stream.AbstractPipeline.copyInto(AbstractPipeline.java:484) ~[na:na]
	at java.base/java.util.stream.AbstractPipeline.wrapAndCopyInto(AbstractPipeline.java:474) ~[na:na]
	at java.base/java.util.stream.StreamSpliterators$WrappingSpliterator.forEachRemaining(StreamSpliterators.java:312) ~[na:na]
	at java.base/java.util.stream.Streams$ConcatSpliterator.forEachRemaining(Streams.java:735) ~[na:na]
	at java.base/java.util.stream.Streams$ConcatSpliterator.forEachRemaining(Streams.java:734) ~[na:na]
	at java.base/java.util.stream.ReferencePipeline$Head.forEach(ReferencePipeline.java:658) ~[na:na]
	at org.junit.jupiter.engine.descriptor.ClassBasedTestDescriptor.invokeTestInstancePostProcessors(ClassBasedTestDescriptor.java:349) ~[junit-jupiter-engine-5.7.2.jar:5.7.2]
	at org.junit.jupiter.engine.descriptor.ClassBasedTestDescriptor.lambda$instantiateAndPostProcessTestInstance$4(ClassBasedTestDescriptor.java:270) ~[junit-jupiter-engine-5.7.2.jar:5.7.2]
	at org.junit.platform.engine.support.hierarchical.ThrowableCollector.execute(ThrowableCollector.java:73) ~[junit-platform-engine-1.7.2.jar:1.7.2]
	at org.junit.jupiter.engine.descriptor.ClassBasedTestDescriptor.instantiateAndPostProcessTestInstance(ClassBasedTestDescriptor.java:269) ~[junit-jupiter-engine-5.7.2.jar:5.7.2]
	at org.junit.jupiter.engine.descriptor.ClassBasedTestDescriptor.lambda$testInstancesProvider$2(ClassBasedTestDescriptor.java:259) ~[junit-jupiter-engine-5.7.2.jar:5.7.2]
	at java.base/java.util.Optional.orElseGet(Optional.java:362) ~[na:na]
	at org.junit.jupiter.engine.descriptor.ClassBasedTestDescriptor.lambda$testInstancesProvider$3(ClassBasedTestDescriptor.java:258) ~[junit-jupiter-engine-5.7.2.jar:5.7.2]
	at org.junit.jupiter.engine.execution.TestInstancesProvider.getTestInstances(TestInstancesProvider.java:31) ~[junit-jupiter-engine-5.7.2.jar:5.7.2]
	at org.junit.jupiter.engine.descriptor.TestMethodTestDescriptor.lambda$prepare$0(TestMethodTestDescriptor.java:101) ~[junit-jupiter-engine-5.7.2.jar:5.7.2]
	at org.junit.platform.engine.support.hierarchical.ThrowableCollector.execute(ThrowableCollector.java:73) ~[junit-platform-engine-1.7.2.jar:1.7.2]
	at org.junit.jupiter.engine.descriptor.TestMethodTestDescriptor.prepare(TestMethodTestDescriptor.java:100) ~[junit-jupiter-engine-5.7.2.jar:5.7.2]
	at org.junit.jupiter.engine.descriptor.TestMethodTestDescriptor.prepare(TestMethodTestDescriptor.java:65) ~[junit-jupiter-engine-5.7.2.jar:5.7.2]
	at org.junit.platform.engine.support.hierarchical.NodeTestTask.lambda$prepare$1(NodeTestTask.java:111) ~[junit-platform-engine-1.7.2.jar:1.7.2]
	at org.junit.platform.engine.support.hierarchical.ThrowableCollector.execute(ThrowableCollector.java:73) ~[junit-platform-engine-1.7.2.jar:1.7.2]
	at org.junit.platform.engine.support.hierarchical.NodeTestTask.prepare(NodeTestTask.java:111) ~[junit-platform-engine-1.7.2.jar:1.7.2]
	at org.junit.platform.engine.support.hierarchical.NodeTestTask.execute(NodeTestTask.java:79) ~[junit-platform-engine-1.7.2.jar:1.7.2]
	at java.base/java.util.ArrayList.forEach(ArrayList.java:1511) ~[na:na]
	at org.junit.platform.engine.support.hierarchical.SameThreadHierarchicalTestExecutorService.invokeAll(SameThreadHierarchicalTestExecutorService.java:38) ~[junit-platform-engine-1.7.2.jar:1.7.2]
	at org.junit.platform.engine.support.hierarchical.NodeTestTask.lambda$executeRecursively$5(NodeTestTask.java:143) ~[junit-platform-engine-1.7.2.jar:1.7.2]
	at org.junit.platform.engine.support.hierarchical.ThrowableCollector.execute(ThrowableCollector.java:73) ~[junit-platform-engine-1.7.2.jar:1.7.2]
	at org.junit.platform.engine.support.hierarchical.NodeTestTask.lambda$executeRecursively$7(NodeTestTask.java:129) ~[junit-platform-engine-1.7.2.jar:1.7.2]
	at org.junit.platform.engine.support.hierarchical.Node.around(Node.java:137) ~[junit-platform-engine-1.7.2.jar:1.7.2]
	at org.junit.platform.engine.support.hierarchical.NodeTestTask.lambda$executeRecursively$8(NodeTestTask.java:127) ~[junit-platform-engine-1.7.2.jar:1.7.2]
	at org.junit.platform.engine.support.hierarchical.ThrowableCollector.execute(ThrowableCollector.java:73) ~[junit-platform-engine-1.7.2.jar:1.7.2]
	at org.junit.platform.engine.support.hierarchical.NodeTestTask.executeRecursively(NodeTestTask.java:126) ~[junit-platform-engine-1.7.2.jar:1.7.2]
	at org.junit.platform.engine.support.hierarchical.NodeTestTask.execute(NodeTestTask.java:84) ~[junit-platform-engine-1.7.2.jar:1.7.2]
	at java.base/java.util.ArrayList.forEach(ArrayList.java:1511) ~[na:na]
	at org.junit.platform.engine.support.hierarchical.SameThreadHierarchicalTestExecutorService.invokeAll(SameThreadHierarchicalTestExecutorService.java:38) ~[junit-platform-engine-1.7.2.jar:1.7.2]
	at org.junit.platform.engine.support.hierarchical.NodeTestTask.lambda$executeRecursively$5(NodeTestTask.java:143) ~[junit-platform-engine-1.7.2.jar:1.7.2]
	at org.junit.platform.engine.support.hierarchical.ThrowableCollector.execute(ThrowableCollector.java:73) ~[junit-platform-engine-1.7.2.jar:1.7.2]
	at org.junit.platform.engine.support.hierarchical.NodeTestTask.lambda$executeRecursively$7(NodeTestTask.java:129) ~[junit-platform-engine-1.7.2.jar:1.7.2]
	at org.junit.platform.engine.support.hierarchical.Node.around(Node.java:137) ~[junit-platform-engine-1.7.2.jar:1.7.2]
	at org.junit.platform.engine.support.hierarchical.NodeTestTask.lambda$executeRecursively$8(NodeTestTask.java:127) ~[junit-platform-engine-1.7.2.jar:1.7.2]
	at org.junit.platform.engine.support.hierarchical.ThrowableCollector.execute(ThrowableCollector.java:73) ~[junit-platform-engine-1.7.2.jar:1.7.2]
	at org.junit.platform.engine.support.hierarchical.NodeTestTask.executeRecursively(NodeTestTask.java:126) ~[junit-platform-engine-1.7.2.jar:1.7.2]
	at org.junit.platform.engine.support.hierarchical.NodeTestTask.execute(NodeTestTask.java:84) ~[junit-platform-engine-1.7.2.jar:1.7.2]
	at org.junit.platform.engine.support.hierarchical.SameThreadHierarchicalTestExecutorService.submit(SameThreadHierarchicalTestExecutorService.java:32) ~[junit-platform-engine-1.7.2.jar:1.7.2]
	at org.junit.platform.engine.support.hierarchical.HierarchicalTestExecutor.execute(HierarchicalTestExecutor.java:57) ~[junit-platform-engine-1.7.2.jar:1.7.2]
	at org.junit.platform.engine.support.hierarchical.HierarchicalTestEngine.execute(HierarchicalTestEngine.java:51) ~[junit-platform-engine-1.7.2.jar:1.7.2]
	at org.junit.platform.launcher.core.DefaultLauncher.execute(DefaultLauncher.java:220) ~[junit-platform-launcher-1.3.1.jar:1.3.1]
	at org.junit.platform.launcher.core.DefaultLauncher.lambda$execute$6(DefaultLauncher.java:188) ~[junit-platform-launcher-1.3.1.jar:1.3.1]
	at org.junit.platform.launcher.core.DefaultLauncher.withInterceptedStreams(DefaultLauncher.java:202) ~[junit-platform-launcher-1.3.1.jar:1.3.1]
	at org.junit.platform.launcher.core.DefaultLauncher.execute(DefaultLauncher.java:181) ~[junit-platform-launcher-1.3.1.jar:1.3.1]
	at org.junit.platform.launcher.core.DefaultLauncher.execute(DefaultLauncher.java:128) ~[junit-platform-launcher-1.3.1.jar:1.3.1]
	at org.apache.maven.surefire.junitplatform.JUnitPlatformProvider.invokeAllTests(JUnitPlatformProvider.java:150) ~[surefire-junit-platform-2.22.2.jar:2.22.2]
	at org.apache.maven.surefire.junitplatform.JUnitPlatformProvider.invoke(JUnitPlatformProvider.java:124) ~[surefire-junit-platform-2.22.2.jar:2.22.2]
	at org.apache.maven.surefire.booter.ForkedBooter.invokeProviderInSameClassLoader(ForkedBooter.java:384) ~[surefire-booter-2.22.2.jar:2.22.2]
	at org.apache.maven.surefire.booter.ForkedBooter.runSuitesInProcess(ForkedBooter.java:345) ~[surefire-booter-2.22.2.jar:2.22.2]
	at org.apache.maven.surefire.booter.ForkedBooter.execute(ForkedBooter.java:126) ~[surefire-booter-2.22.2.jar:2.22.2]
	at org.apache.maven.surefire.booter.ForkedBooter.main(ForkedBooter.java:418) ~[surefire-booter-2.22.2.jar:2.22.2]
Caused by: org.springframework.beans.factory.BeanCreationException: Error creating bean with name 'scriptDataSourceInitializer' defined in class path resource [org/springframework/boot/autoconfigure/jdbc/DataSourceInitializationConfiguration$SharedCredentialsDataSourceInitializationConfiguration.class]: Invocation of init method failed; nested exception is org.springframework.jdbc.datasource.init.ScriptStatementFailedException: Failed to execute SQL script statement #1 of URL [file:/D:/mssc-beer-service/target/classes/data.sql]: INSERT INTO beer (id, beer_name, beer_style, created_date, last_modified_date, min_on_hand, quantity_to_brew, price, upc, version ) values ('0a818933-087d-47f2-ad83-2f986ed087eb', 'Mango Bobs', 'IPA', CURRENT_TIMESTAMP , CURRENT_TIMESTAMP , 12, 200, 12.95, '0631234200036', 1); nested exception is org.h2.jdbc.JdbcSQLSyntaxErrorException: Table "BEER" not found; SQL statement:
INSERT INTO beer (id, beer_name, beer_style, created_date, last_modified_date, min_on_hand, quantity_to_brew, price, upc, version ) values ('0a818933-087d-47f2-ad83-2f986ed087eb', 'Mango Bobs', 'IPA', CURRENT_TIMESTAMP , CURRENT_TIMESTAMP , 12, 200, 12.95, '0631234200036', 1) [42102-200]
	at org.springframework.beans.factory.support.AbstractAutowireCapableBeanFactory.initializeBean(AbstractAutowireCapableBeanFactory.java:1804) ~[spring-beans-5.3.13.jar:5.3.13]
	at org.springframework.beans.factory.support.AbstractAutowireCapableBeanFactory.doCreateBean(AbstractAutowireCapableBeanFactory.java:620) ~[spring-beans-5.3.13.jar:5.3.13]
	at org.springframework.beans.factory.support.AbstractAutowireCapableBeanFactory.createBean(AbstractAutowireCapableBeanFactory.java:542) ~[spring-beans-5.3.13.jar:5.3.13]
	at org.springframework.beans.factory.support.AbstractBeanFactory.lambda$doGetBean$0(AbstractBeanFactory.java:335) ~[spring-beans-5.3.13.jar:5.3.13]
	at org.springframework.beans.factory.support.DefaultSingletonBeanRegistry.getSingleton(DefaultSingletonBeanRegistry.java:234) ~[spring-beans-5.3.13.jar:5.3.13]
	at org.springframework.beans.factory.support.AbstractBeanFactory.doGetBean(AbstractBeanFactory.java:333) ~[spring-beans-5.3.13.jar:5.3.13]
	at org.springframework.beans.factory.support.AbstractBeanFactory.getBean(AbstractBeanFactory.java:208) ~[spring-beans-5.3.13.jar:5.3.13]
	at org.springframework.beans.factory.support.AbstractBeanFactory.doGetBean(AbstractBeanFactory.java:322) ~[spring-beans-5.3.13.jar:5.3.13]
	at org.springframework.beans.factory.support.AbstractBeanFactory.getBean(AbstractBeanFactory.java:208) ~[spring-beans-5.3.13.jar:5.3.13]
	at org.springframework.context.support.AbstractApplicationContext.getBean(AbstractApplicationContext.java:1154) ~[spring-context-5.3.13.jar:5.3.13]
	at org.springframework.context.support.AbstractApplicationContext.finishBeanFactoryInitialization(AbstractApplicationContext.java:908) ~[spring-context-5.3.13.jar:5.3.13]
	at org.springframework.context.support.AbstractApplicationContext.refresh(AbstractApplicationContext.java:583) ~[spring-context-5.3.13.jar:5.3.13]
	at org.springframework.boot.SpringApplication.refresh(SpringApplication.java:765) ~[spring-boot-2.5.7.jar:2.5.7]
	at org.springframework.boot.SpringApplication.refreshContext(SpringApplication.java:445) ~[spring-boot-2.5.7.jar:2.5.7]
	at org.springframework.boot.SpringApplication.run(SpringApplication.java:338) ~[spring-boot-2.5.7.jar:2.5.7]
	at org.springframework.boot.test.context.SpringBootContextLoader.loadContext(SpringBootContextLoader.java:120) ~[spring-boot-test-2.5.7.jar:2.5.7]
	at org.springframework.test.context.cache.DefaultCacheAwareContextLoaderDelegate.loadContextInternal(DefaultCacheAwareContextLoaderDelegate.java:99) ~[spring-test-5.3.13.jar:5.3.13]
	at org.springframework.test.context.cache.DefaultCacheAwareContextLoaderDelegate.loadContext(DefaultCacheAwareContextLoaderDelegate.java:124) ~[spring-test-5.3.13.jar:5.3.13]
	... 67 common frames omitted
Caused by: org.springframework.jdbc.datasource.init.ScriptStatementFailedException: Failed to execute SQL script statement #1 of URL [file:/D:/mssc-beer-service/target/classes/data.sql]: INSERT INTO beer (id, beer_name, beer_style, created_date, last_modified_date, min_on_hand, quantity_to_brew, price, upc, version ) values ('0a818933-087d-47f2-ad83-2f986ed087eb', 'Mango Bobs', 'IPA', CURRENT_TIMESTAMP , CURRENT_TIMESTAMP , 12, 200, 12.95, '0631234200036', 1); nested exception is org.h2.jdbc.JdbcSQLSyntaxErrorException: Table "BEER" not found; SQL statement:
INSERT INTO beer (id, beer_name, beer_style, created_date, last_modified_date, min_on_hand, quantity_to_brew, price, upc, version ) values ('0a818933-087d-47f2-ad83-2f986ed087eb', 'Mango Bobs', 'IPA', CURRENT_TIMESTAMP , CURRENT_TIMESTAMP , 12, 200, 12.95, '0631234200036', 1) [42102-200]
	at org.springframework.jdbc.datasource.init.ScriptUtils.executeSqlScript(ScriptUtils.java:282) ~[spring-jdbc-5.3.13.jar:5.3.13]
	at org.springframework.jdbc.datasource.init.ResourceDatabasePopulator.populate(ResourceDatabasePopulator.java:254) ~[spring-jdbc-5.3.13.jar:5.3.13]
	at org.springframework.jdbc.datasource.init.DatabasePopulatorUtils.execute(DatabasePopulatorUtils.java:54) ~[spring-jdbc-5.3.13.jar:5.3.13]
	at org.springframework.boot.jdbc.init.DataSourceScriptDatabaseInitializer.runScripts(DataSourceScriptDatabaseInitializer.java:89) ~[spring-boot-2.5.7.jar:2.5.7]
	at org.springframework.boot.sql.init.AbstractScriptDatabaseInitializer.runScripts(AbstractScriptDatabaseInitializer.java:145) ~[spring-boot-2.5.7.jar:2.5.7]
	at org.springframework.boot.sql.init.AbstractScriptDatabaseInitializer.applyScripts(AbstractScriptDatabaseInitializer.java:107) ~[spring-boot-2.5.7.jar:2.5.7]
	at org.springframework.boot.sql.init.AbstractScriptDatabaseInitializer.applyDataScripts(AbstractScriptDatabaseInitializer.java:101) ~[spring-boot-2.5.7.jar:2.5.7]
	at org.springframework.boot.sql.init.AbstractScriptDatabaseInitializer.initializeDatabase(AbstractScriptDatabaseInitializer.java:76) ~[spring-boot-2.5.7.jar:2.5.7]
	at org.springframework.boot.sql.init.AbstractScriptDatabaseInitializer.afterPropertiesSet(AbstractScriptDatabaseInitializer.java:65) ~[spring-boot-2.5.7.jar:2.5.7]
	at org.springframework.beans.factory.support.AbstractAutowireCapableBeanFactory.invokeInitMethods(AbstractAutowireCapableBeanFactory.java:1863) ~[spring-beans-5.3.13.jar:5.3.13]
	at org.springframework.beans.factory.support.AbstractAutowireCapableBeanFactory.initializeBean(AbstractAutowireCapableBeanFactory.java:1800) ~[spring-beans-5.3.13.jar:5.3.13]
	... 84 common frames omitted
Caused by: org.h2.jdbc.JdbcSQLSyntaxErrorException: Table "BEER" not found; SQL statement:
INSERT INTO beer (id, beer_name, beer_style, created_date, last_modified_date, min_on_hand, quantity_to_brew, price, upc, version ) values ('0a818933-087d-47f2-ad83-2f986ed087eb', 'Mango Bobs', 'IPA', CURRENT_TIMESTAMP , CURRENT_TIMESTAMP , 12, 200, 12.95, '0631234200036', 1) [42102-200]
	at org.h2.message.DbException.getJdbcSQLException(DbException.java:453) ~[h2-1.4.200.jar:1.4.200]
	at org.h2.message.DbException.getJdbcSQLException(DbException.java:429) ~[h2-1.4.200.jar:1.4.200]
	at org.h2.message.DbException.get(DbException.java:205) ~[h2-1.4.200.jar:1.4.200]
	at org.h2.message.DbException.get(DbException.java:181) ~[h2-1.4.200.jar:1.4.200]
	at org.h2.command.Parser.readTableOrView(Parser.java:7628) ~[h2-1.4.200.jar:1.4.200]
	at org.h2.command.Parser.readTableOrView(Parser.java:7599) ~[h2-1.4.200.jar:1.4.200]
	at org.h2.command.Parser.parseInsert(Parser.java:1747) ~[h2-1.4.200.jar:1.4.200]
	at org.h2.command.Parser.parsePrepared(Parser.java:954) ~[h2-1.4.200.jar:1.4.200]
	at org.h2.command.Parser.parse(Parser.java:843) ~[h2-1.4.200.jar:1.4.200]
	at org.h2.command.Parser.parse(Parser.java:815) ~[h2-1.4.200.jar:1.4.200]
	at org.h2.command.Parser.prepareCommand(Parser.java:738) ~[h2-1.4.200.jar:1.4.200]
	at org.h2.engine.Session.prepareLocal(Session.java:657) ~[h2-1.4.200.jar:1.4.200]
	at org.h2.engine.Session.prepareCommand(Session.java:595) ~[h2-1.4.200.jar:1.4.200]
	at org.h2.jdbc.JdbcConnection.prepareCommand(JdbcConnection.java:1235) ~[h2-1.4.200.jar:1.4.200]
	at org.h2.jdbc.JdbcStatement.executeInternal(JdbcStatement.java:212) ~[h2-1.4.200.jar:1.4.200]
	at org.h2.jdbc.JdbcStatement.execute(JdbcStatement.java:201) ~[h2-1.4.200.jar:1.4.200]
	at com.zaxxer.hikari.pool.ProxyStatement.execute(ProxyStatement.java:94) ~[HikariCP-4.0.3.jar:na]
	at com.zaxxer.hikari.pool.HikariProxyStatement.execute(HikariProxyStatement.java) ~[HikariCP-4.0.3.jar:na]
	at org.springframework.jdbc.datasource.init.ScriptUtils.executeSqlScript(ScriptUtils.java:261) ~[spring-jdbc-5.3.13.jar:5.3.13]
	... 94 common frames omitted

]]></system-out>
  </testcase>
</testsuite>